timestamp: 2016-05-16T19:12:55.933271
CREATE TABLE scheduler_task(
    id INTEGER PRIMARY KEY AUTOINCREMENT,
    application_name CHAR(512),
    task_name CHAR(512),
    group_name CHAR(512),
    status CHAR(512),
    function_name CHAR(512),
    uuid CHAR(255) UNIQUE,
    args TEXT,
    vars TEXT,
    enabled CHAR(1),
    start_time TIMESTAMP,
    next_run_time TIMESTAMP,
    stop_time TIMESTAMP,
    repeats INTEGER,
    retry_failed INTEGER,
    period INTEGER,
    prevent_drift CHAR(1),
    timeout INTEGER,
    sync_output INTEGER,
    times_run INTEGER,
    times_failed INTEGER,
    last_run_time TIMESTAMP,
    assigned_worker_name CHAR(512)
);
success!
timestamp: 2016-05-16T19:12:56.641488
CREATE TABLE scheduler_run(
    id INTEGER PRIMARY KEY AUTOINCREMENT,
    task_id INTEGER REFERENCES scheduler_task (id) ON DELETE CASCADE  ,
    status CHAR(512),
    start_time TIMESTAMP,
    stop_time TIMESTAMP,
    run_output TEXT,
    run_result TEXT,
    traceback TEXT,
    worker_name CHAR(512)
);
success!
timestamp: 2016-05-16T19:12:57.044041
CREATE TABLE scheduler_worker(
    id INTEGER PRIMARY KEY AUTOINCREMENT,
    worker_name CHAR(255) UNIQUE,
    first_heartbeat TIMESTAMP,
    last_heartbeat TIMESTAMP,
    status CHAR(512),
    is_ticker CHAR(1),
    group_names TEXT,
    worker_stats TEXT
);
success!
timestamp: 2016-05-16T19:12:57.490289
CREATE TABLE scheduler_task_deps(
    id INTEGER PRIMARY KEY AUTOINCREMENT,
    job_name CHAR(512),
    task_parent INTEGER,
    task_child INTEGER REFERENCES scheduler_task (id) ON DELETE CASCADE  ,
    can_visit CHAR(1)
);
success!
timestamp: 2016-05-16T19:12:57.833047
CREATE TABLE query_tfsa(
    id INTEGER PRIMARY KEY AUTOINCREMENT,
    uuid CHAR(512),
    upload CHAR(512),
    upload_filename CHAR(512),
    graph_db CHAR(512),
    coexpression CHAR(1),
    threshold DOUBLE,
    Component_weight DOUBLE,
    Function_weight DOUBLE,
    Process_weight DOUBLE,
    Reactome_weight DOUBLE,
    Kegg_weight DOUBLE,
    background CHAR(512),
    expr_db CHAR(512),
    protein_atlas_basal CHAR(512),
    protein_atlas_cancer CHAR(512),
    humanproteomemap_adult CHAR(512),
    humanproteomemap_fetal CHAR(512),
    PaxDb_integrated CHAR(512),
    proteomicsdb CHAR(512),
    peptideatlas CHAR(512)
);
success!
timestamp: 2016-05-16T19:12:58.164864
CREATE TABLE query_tfa(
    id INTEGER PRIMARY KEY AUTOINCREMENT,
    uuid CHAR(512),
    upload CHAR(512),
    upload_filename CHAR(512),
    graph_db CHAR(512),
    topology_ranking CHAR(512),
    threshold DOUBLE,
    background CHAR(1)
);
success!
timestamp: 2016-05-16T19:12:58.491717
CREATE TABLE auth_user(
    id INTEGER PRIMARY KEY AUTOINCREMENT,
    first_name CHAR(128),
    last_name CHAR(128),
    email CHAR(512),
    password CHAR(512),
    registration_key CHAR(512),
    reset_password_key CHAR(512),
    registration_id CHAR(512)
);
success!
timestamp: 2016-05-16T19:12:58.798862
CREATE TABLE auth_group(
    id INTEGER PRIMARY KEY AUTOINCREMENT,
    role CHAR(512),
    description TEXT
);
success!
timestamp: 2016-05-16T19:12:59.055729
CREATE TABLE auth_membership(
    id INTEGER PRIMARY KEY AUTOINCREMENT,
    user_id INTEGER REFERENCES auth_user (id) ON DELETE CASCADE  ,
    group_id INTEGER REFERENCES auth_group (id) ON DELETE CASCADE  
);
success!
timestamp: 2016-05-16T19:12:59.291073
CREATE TABLE auth_permission(
    id INTEGER PRIMARY KEY AUTOINCREMENT,
    group_id INTEGER REFERENCES auth_group (id) ON DELETE CASCADE  ,
    name CHAR(512),
    table_name CHAR(512),
    record_id INTEGER
);
success!
timestamp: 2016-05-16T19:12:59.492888
CREATE TABLE auth_event(
    id INTEGER PRIMARY KEY AUTOINCREMENT,
    time_stamp TIMESTAMP,
    client_ip CHAR(512),
    user_id INTEGER REFERENCES auth_user (id) ON DELETE CASCADE  ,
    origin CHAR(512),
    description TEXT
);
success!
timestamp: 2016-05-16T19:12:59.765694
CREATE TABLE auth_cas(
    id INTEGER PRIMARY KEY AUTOINCREMENT,
    user_id INTEGER REFERENCES auth_user (id) ON DELETE CASCADE  ,
    created_on TIMESTAMP,
    service CHAR(512),
    ticket CHAR(512),
    renew CHAR(1)
);
success!
timestamp: 2016-05-16T19:13:03.346168
CREATE TABLE input_net(
    id INTEGER PRIMARY KEY AUTOINCREMENT,
    upload CHAR(512),
    graph_db CHAR(512),
    expr_db CHAR(512),
    pa_basal CHAR(512),
    pa_cancer CHAR(512),
    human_proteome_map_adult CHAR(512),
    human_proteome_map_fetal CHAR(512),
    PaxDb_integrated CHAR(512),
    proteomicsdb CHAR(512),
    peptideatlas CHAR(512),
    background CHAR(512),
    Coexpression CHAR(512),
    Show_advanced_options CHAR(1),
    threshold DOUBLE,
    Component_weight CHAR(512),
    Function_weight CHAR(512),
    Process_weight CHAR(512),
    Reactome_weight CHAR(512),
    Kegg_weight CHAR(512)
);
success!
timestamp: 2016-06-06T09:19:00.908607
ALTER TABLE input_net ADD topology_ranking TEXT;
timestamp: 2016-06-06T09:19:01.198921
ALTER TABLE input_net ADD score CHAR(512);
success!
timestamp: 2016-06-06T09:39:27.589700
ALTER TABLE input_net ADD compartments CHAR(512);
success!
success!
success!
success!
success!
success!
success!
success!
success!
success!
timestamp: 2016-06-06T10:00:35.476139
ALTER TABLE query_tfa ADD compartments CHAR(512);
success!
success!
success!
success!
success!
success!
success!
success!
success!
success!
success!
success!
success!
success!
success!
success!
success!
success!
success!
success!
success!
success!
success!
success!
success!
success!
success!
success!
success!
success!
success!
success!
success!
success!
success!
success!
success!
success!
success!
success!
success!
success!
success!
success!
success!
success!
success!
success!
success!
success!
success!
success!
success!
success!
success!
success!
success!
success!
success!
success!
success!
success!
success!
success!
success!
success!
success!
success!
success!
success!
success!
success!
success!
success!
success!
success!
success!
success!
success!
success!
success!
success!
success!
success!
success!
success!
success!
success!
success!
success!
success!
success!
success!
success!
success!
success!
success!
success!
success!
success!
success!
success!
success!
success!
success!
success!
success!
success!
success!
success!
success!
success!
success!
success!
success!
success!
success!
success!
success!
success!
success!
success!
success!
success!
success!
success!
success!
success!
success!
success!
success!
success!
success!
success!
success!
success!
success!
success!
success!
success!
success!
success!
success!
success!
success!
success!
success!
success!
success!
success!
success!
success!
success!
success!
success!
success!
success!
success!
success!
success!
success!
success!
success!
success!
success!
success!
success!
success!
success!
success!
success!
success!
success!
success!
success!
success!
success!
success!
success!
success!
success!
success!
success!
success!
success!
success!
success!
success!
success!
success!
success!
success!
success!
